<?xml version="1.0" encoding="UTF-8"?>
<!-- Generated by org.testng.reporters.JUnitReportReporter -->
<testsuite hostname="inengaikosm2.corp.emc.com" failures="0" tests="1" name="com.mvnPrjt.NewTest" time="2.811" errors="0" timestamp="22 May 2019 13:27:57 GMT" skipped="0">
  <testcase classname="com.mvnPrjt.NewTest" name="f" time="2.811"/>
</testsuite> <!-- com.mvnPrjt.NewTest -->
